# JRE version: OpenJDK Runtime Environment JBR-21.0.6+8-631.39-jcef (21.0.6+8) (build 21.0.6+8-b631.39)
# Java VM: OpenJDK 64-Bit Server VM JBR-21.0.6+8-631.39-jcef (21.0.6+8-b631.39, mixed mode, sharing, tiered, compressed oops, compressed class ptrs, g1 gc, bsd-aarch64)
Heap:
 garbage-first heap   total 98304K, used 70469K [0x0000000700000000, 0x0000000800000000)
  region size 2048K, 17 young (34816K), 3 survivors (6144K)
 Metaspace       used 93047K, committed 93952K, reserved 1179648K
  class space    used 12403K, committed 12800K, reserved 1048576K
GC Heap History (20 events):
Event: 1.441 GC heap before
{Heap before GC invocations=8 (full 0):
 garbage-first heap   total 81920K, used 66700K [0x0000000700000000, 0x0000000800000000)
  region size 2048K, 24 young (49152K), 1 survivors (2048K)
 Metaspace       used 52186K, committed 52672K, reserved 1114112K
  class space    used 6821K, committed 7040K, reserved 1048576K
}
Event: 1.443 GC heap after
{Heap after GC invocations=9 (full 0):
 garbage-first heap   total 81920K, used 25411K [0x0000000700000000, 0x0000000800000000)
  region size 2048K, 3 young (6144K), 3 survivors (6144K)
 Metaspace       used 52186K, committed 52672K, reserved 1114112K
  class space    used 6821K, committed 7040K, reserved 1048576K
}
Event: 1.592 GC heap before
{Heap before GC invocations=9 (full 0):
 garbage-first heap   total 81920K, used 47939K [0x0000000700000000, 0x0000000800000000)
  region size 2048K, 16 young (32768K), 3 survivors (6144K)
 Metaspace       used 60198K, committed 60736K, reserved 1114112K
  class space    used 7953K, committed 8192K, reserved 1048576K
}
Event: 1.594 GC heap after
{Heap after GC invocations=10 (full 0):
 garbage-first heap   total 81920K, used 26643K [0x0000000700000000, 0x0000000800000000)
  region size 2048K, 1 young (2048K), 1 survivors (2048K)
 Metaspace       used 60198K, committed 60736K, reserved 1114112K
  class space    used 7953K, committed 8192K, reserved 1048576K
}
Event: 1.600 GC heap before
{Heap before GC invocations=10 (full 0):
 garbage-first heap   total 81920K, used 26643K [0x0000000700000000, 0x0000000800000000)
  region size 2048K, 2 young (4096K), 1 survivors (2048K)
 Metaspace       used 60509K, committed 61056K, reserved 1114112K
  class space    used 8007K, committed 8256K, reserved 1048576K
}
Event: 1.600 GC heap after
{Heap after GC invocations=11 (full 0):
 garbage-first heap   total 81920K, used 26255K [0x0000000700000000, 0x0000000800000000)
  region size 2048K, 1 young (2048K), 1 survivors (2048K)
 Metaspace       used 60509K, committed 61056K, reserved 1114112K
  class space    used 8007K, committed 8256K, reserved 1048576K
}
Event: 1.821 GC heap before
{Heap before GC invocations=12 (full 0):
 garbage-first heap   total 81920K, used 69263K [0x0000000700000000, 0x0000000800000000)
  region size 2048K, 22 young (45056K), 1 survivors (2048K)
 Metaspace       used 66771K, committed 67456K, reserved 1114112K
  class space    used 8866K, committed 9216K, reserved 1048576K
}
Event: 1.823 GC heap after
{Heap after GC invocations=13 (full 0):
 garbage-first heap   total 81920K, used 28402K [0x0000000700000000, 0x0000000800000000)
  region size 2048K, 2 young (4096K), 2 survivors (4096K)
 Metaspace       used 66771K, committed 67456K, reserved 1114112K
  class space    used 8866K, committed 9216K, reserved 1048576K
}
Event: 2.006 GC heap before
{Heap before GC invocations=13 (full 0):
 garbage-first heap   total 81920K, used 69362K [0x0000000700000000, 0x0000000800000000)
  region size 2048K, 22 young (45056K), 2 survivors (4096K)
 Metaspace       used 72766K, committed 73408K, reserved 1114112K
  class space    used 9833K, committed 10112K, reserved 1048576K
}
Event: 2.009 GC heap after
{Heap after GC invocations=14 (full 0):
 garbage-first heap   total 81920K, used 31474K [0x0000000700000000, 0x0000000800000000)
  region size 2048K, 3 young (6144K), 3 survivors (6144K)
 Metaspace       used 72766K, committed 73408K, reserved 1114112K
  class space    used 9833K, committed 10112K, reserved 1048576K
}
Event: 2.133 GC heap before
{Heap before GC invocations=14 (full 0):
 garbage-first heap   total 81920K, used 68338K [0x0000000700000000, 0x0000000800000000)
  region size 2048K, 22 young (45056K), 3 survivors (6144K)
 Metaspace       used 75570K, committed 76160K, reserved 1179648K
  class space    used 10360K, committed 10624K, reserved 1048576K
}
Event: 2.135 GC heap after
{Heap after GC invocations=15 (full 0):
 garbage-first heap   total 81920K, used 33261K [0x0000000700000000, 0x0000000800000000)
  region size 2048K, 3 young (6144K), 3 survivors (6144K)
 Metaspace       used 75570K, committed 76160K, reserved 1179648K
  class space    used 10360K, committed 10624K, reserved 1048576K
}
Event: 2.265 GC heap before
{Heap before GC invocations=15 (full 0):
 garbage-first heap   total 81920K, used 70125K [0x0000000700000000, 0x0000000800000000)
  region size 2048K, 21 young (43008K), 3 survivors (6144K)
 Metaspace       used 78323K, committed 78976K, reserved 1179648K
  class space    used 10653K, committed 10944K, reserved 1048576K
}
Event: 2.267 GC heap after
{Heap after GC invocations=16 (full 0):
 garbage-first heap   total 98304K, used 35374K [0x0000000700000000, 0x0000000800000000)
  region size 2048K, 2 young (4096K), 2 survivors (4096K)
 Metaspace       used 78323K, committed 78976K, reserved 1179648K
  class space    used 10653K, committed 10944K, reserved 1048576K
}
Event: 4.548 GC heap before
{Heap before GC invocations=17 (full 0):
 garbage-first heap   total 98304K, used 86574K [0x0000000700000000, 0x0000000800000000)
  region size 2048K, 27 young (55296K), 2 survivors (4096K)
 Metaspace       used 85705K, committed 86464K, reserved 1179648K
  class space    used 11722K, committed 12096K, reserved 1048576K
}
Event: 4.557 GC heap after
{Heap after GC invocations=18 (full 0):
 garbage-first heap   total 98304K, used 39586K [0x0000000700000000, 0x0000000800000000)
  region size 2048K, 4 young (8192K), 4 survivors (8192K)
 Metaspace       used 85705K, committed 86464K, reserved 1179648K
  class space    used 11722K, committed 12096K, reserved 1048576K
}
Event: 455.479 GC heap before
{Heap before GC invocations=18 (full 0):
 garbage-first heap   total 98304K, used 80546K [0x0000000700000000, 0x0000000800000000)
  region size 2048K, 25 young (51200K), 4 survivors (8192K)
 Metaspace       used 90701K, committed 91520K, reserved 1179648K
  class space    used 12366K, committed 12736K, reserved 1048576K
}
Event: 455.506 GC heap after
{Heap after GC invocations=19 (full 0):
 garbage-first heap   total 98304K, used 42456K [0x0000000700000000, 0x0000000800000000)
  region size 2048K, 4 young (8192K), 4 survivors (8192K)
 Metaspace       used 90701K, committed 91520K, reserved 1179648K
  class space    used 12366K, committed 12736K, reserved 1048576K
}
Event: 895.915 GC heap before
{Heap before GC invocations=19 (full 0):
 garbage-first heap   total 98304K, used 81368K [0x0000000700000000, 0x0000000800000000)
  region size 2048K, 24 young (49152K), 4 survivors (8192K)
 Metaspace       used 92191K, committed 93056K, reserved 1179648K
  class space    used 12397K, committed 12800K, reserved 1048576K
}
Event: 895.922 GC heap after
{Heap after GC invocations=20 (full 0):
 garbage-first heap   total 98304K, used 43361K [0x0000000700000000, 0x0000000800000000)
  region size 2048K, 3 young (6144K), 3 survivors (6144K)
 Metaspace       used 92191K, committed 93056K, reserved 1179648K
  class space    used 12397K, committed 12800K, reserved 1048576K
}

